Base path: 'C:/Program Files/Unity/Hub/Editor/2019.4.11f1/Editor/Data', plugins path 'C:/Program Files/Unity/Hub/Editor/2019.4.11f1/Editor/Data/PlaybackEngines'
Cmd: initializeCompiler
Cmd: initializeCompiler
Cmd: preprocessCompute
  insize=12873 outsize=12919 ok=1
Cmd: compileComputeKernel
  api=4 insize=12919 outsize=1558 ok=1
Cmd: compileComputeKernel
  api=4 insize=12919 outsize=1579 ok=1
Cmd: compileComputeKernel
  api=4 insize=12919 outsize=1364 ok=1
Cmd: preprocessCompute
  insize=12739 outsize=12807 ok=1
Cmd: compileComputeKernel
  api=4 insize=12807 outsize=1465 ok=1
Cmd: compileComputeKernel
  api=4 insize=12807 outsize=1905 ok=1
Cmd: compileComputeKernel
  api=4 insize=12807 outsize=1494 ok=1
Cmd: compileComputeKernel
  api=4 insize=12807 outsize=1611 ok=1
Cmd: preprocessCompute
  insize=16981 outsize=17013 ok=1
Cmd: compileComputeKernel
  api=4 insize=17013 outsize=3291 ok=1
Cmd: compileComputeKernel
  api=4 insize=17013 outsize=5633 ok=1
Cmd: preprocessCompute
  insize=79583 outsize=79953 ok=1
Cmd: compileComputeKernel
  api=4 insize=79953 outsize=10967 ok=1
Cmd: compileComputeKernel
  api=4 insize=79953 outsize=1324 ok=1
Cmd: compileComputeKernel
  api=4 insize=79953 outsize=1284 ok=1
Cmd: compileComputeKernel
  api=4 insize=79953 outsize=1631 ok=1
Cmd: compileComputeKernel
  api=4 insize=79953 outsize=1321 ok=1
Cmd: compileComputeKernel
  api=4 insize=79953 outsize=1861 ok=1
Cmd: compileComputeKernel
  api=4 insize=79953 outsize=1284 ok=1
Cmd: compileComputeKernel
  api=4 insize=79953 outsize=1628 ok=1
Cmd: compileComputeKernel
  api=4 insize=79953 outsize=1401 ok=1
Cmd: compileComputeKernel
  api=4 insize=79953 outsize=1384 ok=1
Cmd: compileComputeKernel
  api=4 insize=79953 outsize=1344 ok=1
Cmd: compileComputeKernel
  api=4 insize=79953 outsize=1819 ok=1
Cmd: compileComputeKernel
  api=4 insize=79953 outsize=2259 ok=1
Cmd: compileComputeKernel
  api=4 insize=79953 outsize=1856 ok=1
Cmd: compileComputeKernel
  api=4 insize=79953 outsize=1849 ok=1
Cmd: compileComputeKernel
  api=4 insize=79953 outsize=2296 ok=1
Cmd: compileComputeKernel
  api=4 insize=79953 outsize=1394 ok=1
Cmd: compileComputeKernel
  api=4 insize=79953 outsize=1449 ok=1
Cmd: compileComputeKernel
  api=4 insize=79953 outsize=2266 ok=1
Cmd: compileComputeKernel
  api=4 insize=79953 outsize=2591 ok=1
Cmd: preprocessCompute
  insize=4219 outsize=4231 ok=1
Cmd: compileComputeKernel
  api=4 insize=4231 outsize=3544 ok=1
Cmd: preprocessCompute
  insize=73275 outsize=73293 ok=1
Cmd: compileComputeKernel
  api=4 insize=73293 outsize=2756 ok=1
Cmd: compileComputeKernel
  api=4 insize=73293 outsize=1071 ok=1
Cmd: preprocessCompute
  insize=56739 outsize=57129 ok=1
Cmd: compileComputeKernel
  api=4 insize=57129 outsize=629 ok=1
Cmd: compileComputeKernel
  api=4 insize=57129 outsize=628 ok=1
Cmd: compileComputeKernel
  api=4 insize=57129 outsize=806 ok=1
Cmd: compileComputeKernel
  api=4 insize=57129 outsize=759 ok=1
Cmd: compileComputeKernel
  api=4 insize=57129 outsize=848 ok=1
Cmd: compileComputeKernel
  api=4 insize=57129 outsize=701 ok=1
Cmd: compileComputeKernel
  api=4 insize=57129 outsize=622 ok=1
Cmd: compileComputeKernel
  api=4 insize=57129 outsize=777 ok=1
Cmd: compileComputeKernel
  api=4 insize=57129 outsize=847 ok=1
Cmd: compileComputeKernel
  api=4 insize=57129 outsize=1218 ok=1
Cmd: compileComputeKernel
  api=4 insize=57129 outsize=629 ok=1
Cmd: compileComputeKernel
  api=4 insize=57129 outsize=786 ok=1
Cmd: compileComputeKernel
  api=4 insize=57129 outsize=1035 ok=1
Cmd: compileComputeKernel
  api=4 insize=57129 outsize=1298 ok=1
Cmd: compileComputeKernel
  api=4 insize=57129 outsize=1524 ok=1
Cmd: compileComputeKernel
  api=4 insize=57129 outsize=1346 ok=1
Cmd: compileComputeKernel
  api=4 insize=57129 outsize=1465 ok=1
Cmd: compileComputeKernel
  api=4 insize=57129 outsize=1288 ok=1
Cmd: compileComputeKernel
  api=4 insize=57129 outsize=1261 ok=1
Cmd: compileComputeKernel
  api=4 insize=57129 outsize=1618 ok=1
Cmd: compileComputeKernel
  api=4 insize=57129 outsize=1596 ok=1
Cmd: compileComputeKernel
  api=4 insize=57129 outsize=1628 ok=1
Cmd: compileComputeKernel
  api=4 insize=57129 outsize=1828 ok=1
Cmd: compileComputeKernel
  api=4 insize=57129 outsize=1224 ok=1
Cmd: compileComputeKernel
  api=4 insize=57129 outsize=1287 ok=1
Cmd: compileComputeKernel
  api=4 insize=57129 outsize=1296 ok=1
Cmd: preprocessCompute
  insize=95014 outsize=95078 ok=1
Cmd: compileComputeKernel
  api=4 insize=95078 outsize=6812 ok=1
Cmd: compileComputeKernel
  api=4 insize=95078 outsize=27245 ok=1
Cmd: compileComputeKernel
  api=4 insize=95078 outsize=1969 ok=1
Cmd: compileComputeKernel
  api=4 insize=95078 outsize=5359 ok=1
Cmd: compileComputeKernel
  api=4 insize=95078 outsize=15993 ok=1
Cmd: preprocessCompute
  insize=4426 outsize=4442 ok=1
Cmd: compileComputeKernel
  api=4 insize=4442 outsize=1684 ok=1
Cmd: preprocessCompute
  insize=1896 outsize=1900 ok=1
Cmd: compileComputeKernel
  api=4 insize=1900 outsize=3122 ok=1
Cmd: initializeCompiler
Cmd: preprocessCompute
  insize=12065 outsize=12109 ok=1
Cmd: preprocessCompute
  insize=11921 outsize=11985 ok=1
Cmd: preprocessCompute
  insize=18269 outsize=18301 ok=1
Cmd: preprocessCompute
  insize=66564 outsize=66874 ok=1
Cmd: preprocessCompute
  insize=72887 outsize=72903 ok=1
Cmd: preprocessCompute
  insize=33853 outsize=34089 ok=1
Cmd: preprocessCompute
  insize=79184 outsize=79248 ok=1
Cmd: preprocessCompute
  insize=4426 outsize=4442 ok=1
Cmd: preprocessCompute
  insize=1896 outsize=1900 ok=1
Cmd: initializeCompiler
Cmd: preprocessCompute
  insize=12873 outsize=12919 ok=1
Cmd: preprocessCompute
  insize=12739 outsize=12807 ok=1
Cmd: preprocessCompute
  insize=16981 outsize=17013 ok=1
Cmd: preprocessCompute
  insize=79583 outsize=79953 ok=1
Cmd: preprocessCompute
  insize=73275 outsize=73293 ok=1
Cmd: preprocessCompute
  insize=56739 outsize=57129 ok=1
Cmd: preprocessCompute
  insize=95014 outsize=95078 ok=1
Cmd: preprocessCompute
  insize=4426 outsize=4442 ok=1
Cmd: preprocessCompute
  insize=1896 outsize=1900 ok=1
Cmd: compileSnippet
  api=4 type=0 insize=1602 outsize=1894 kw=UNITY_PASS_FORWARDBASE DIRECTIONAL LIGHTPROBE_SH _ALPHABLEND_ON pd=UNITY_ENABLE_REFLECTION_BUFFERS UNITY_USE_DITHER_MASK_FOR_ALPHABLENDED_SHADOWS UNITY_PBS_USE_BRDF1 UNITY_SPECCUBE_BOX_PROJECTION UNITY_SPECCUBE_BLENDING UNITY_ENABLE_DETAIL_NORMALMAP SHADER_API_DESKTOP UNITY_COLORSPACE_GAMMA UNITY_LIGHT_PROBE_PROXY_VOLUME UNITY_LIGHTMAP_FULL_HDR ok=1
Cmd: compileSnippet
  api=4 type=1 insize=1602 outsize=6826 kw=UNITY_PASS_FORWARDBASE DIRECTIONAL LIGHTPROBE_SH _ALPHABLEND_ON pd=UNITY_ENABLE_REFLECTION_BUFFERS UNITY_USE_DITHER_MASK_FOR_ALPHABLENDED_SHADOWS UNITY_PBS_USE_BRDF1 UNITY_SPECCUBE_BOX_PROJECTION UNITY_SPECCUBE_BLENDING UNITY_ENABLE_DETAIL_NORMALMAP SHADER_API_DESKTOP UNITY_COLORSPACE_GAMMA UNITY_LIGHT_PROBE_PROXY_VOLUME UNITY_LIGHTMAP_FULL_HDR ok=1
Cmd: compileSnippet
  api=4 type=0 insize=1379 outsize=1894 kw=UNITY_PASS_FORWARDBASE DIRECTIONAL LIGHTPROBE_SH pd=UNITY_ENABLE_REFLECTION_BUFFERS UNITY_USE_DITHER_MASK_FOR_ALPHABLENDED_SHADOWS UNITY_PBS_USE_BRDF1 UNITY_SPECCUBE_BOX_PROJECTION UNITY_SPECCUBE_BLENDING UNITY_ENABLE_DETAIL_NORMALMAP SHADER_API_DESKTOP UNITY_COLORSPACE_GAMMA UNITY_LIGHT_PROBE_PROXY_VOLUME UNITY_LIGHTMAP_FULL_HDR ok=1
Cmd: compileSnippet
  api=4 type=1 insize=1379 outsize=6814 kw=UNITY_PASS_FORWARDBASE DIRECTIONAL LIGHTPROBE_SH pd=UNITY_ENABLE_REFLECTION_BUFFERS UNITY_USE_DITHER_MASK_FOR_ALPHABLENDED_SHADOWS UNITY_PBS_USE_BRDF1 UNITY_SPECCUBE_BOX_PROJECTION UNITY_SPECCUBE_BLENDING UNITY_ENABLE_DETAIL_NORMALMAP SHADER_API_DESKTOP UNITY_COLORSPACE_GAMMA UNITY_LIGHT_PROBE_PROXY_VOLUME UNITY_LIGHTMAP_FULL_HDR ok=1
Cmd: compileSnippet
  api=4 type=0 insize=16577 outsize=5646 kw=_SUNDISK_HIGH_QUALITY pd=UNITY_ENABLE_REFLECTION_BUFFERS UNITY_USE_DITHER_MASK_FOR_ALPHABLENDED_SHADOWS UNITY_PBS_USE_BRDF1 UNITY_SPECCUBE_BOX_PROJECTION UNITY_SPECCUBE_BLENDING UNITY_ENABLE_DETAIL_NORMALMAP SHADER_API_DESKTOP UNITY_COLORSPACE_GAMMA UNITY_LIGHT_PROBE_PROXY_VOLUME UNITY_LIGHTMAP_FULL_HDR ok=1
Cmd: compileSnippet
  api=4 type=1 insize=16577 outsize=1114 kw=_SUNDISK_HIGH_QUALITY pd=UNITY_ENABLE_REFLECTION_BUFFERS UNITY_USE_DITHER_MASK_FOR_ALPHABLENDED_SHADOWS UNITY_PBS_USE_BRDF1 UNITY_SPECCUBE_BOX_PROJECTION UNITY_SPECCUBE_BLENDING UNITY_ENABLE_DETAIL_NORMALMAP SHADER_API_DESKTOP UNITY_COLORSPACE_GAMMA UNITY_LIGHT_PROBE_PROXY_VOLUME UNITY_LIGHTMAP_FULL_HDR ok=1
Cmd: compileSnippet
  api=4 type=0 insize=1602 outsize=2254 kw=UNITY_PASS_FORWARDBASE DIRECTIONAL LIGHTPROBE_SH _NORMALMAP _SPECULARHIGHLIGHTS_OFF _GLOSSYREFLECTIONS_OFF pd=UNITY_ENABLE_REFLECTION_BUFFERS UNITY_USE_DITHER_MASK_FOR_ALPHABLENDED_SHADOWS UNITY_PBS_USE_BRDF1 UNITY_SPECCUBE_BOX_PROJECTION UNITY_SPECCUBE_BLENDING UNITY_ENABLE_DETAIL_NORMALMAP SHADER_API_DESKTOP UNITY_COLORSPACE_GAMMA UNITY_LIGHT_PROBE_PROXY_VOLUME UNITY_LIGHTMAP_FULL_HDR ok=1
Cmd: compileSnippet
  api=4 type=1 insize=1602 outsize=4486 kw=UNITY_PASS_FORWARDBASE DIRECTIONAL LIGHTPROBE_SH _NORMALMAP _SPECULARHIGHLIGHTS_OFF _GLOSSYREFLECTIONS_OFF pd=UNITY_ENABLE_REFLECTION_BUFFERS UNITY_USE_DITHER_MASK_FOR_ALPHABLENDED_SHADOWS UNITY_PBS_USE_BRDF1 UNITY_SPECCUBE_BOX_PROJECTION UNITY_SPECCUBE_BLENDING UNITY_ENABLE_DETAIL_NORMALMAP SHADER_API_DESKTOP UNITY_COLORSPACE_GAMMA UNITY_LIGHT_PROBE_PROXY_VOLUME UNITY_LIGHTMAP_FULL_HDR ok=1
Cmd: compileSnippet
  api=4 type=0 insize=1460 outsize=2070 kw=UNITY_PASS_FORWARDADD DIRECTIONAL _NORMALMAP _SPECULARHIGHLIGHTS_OFF pd=UNITY_ENABLE_REFLECTION_BUFFERS UNITY_USE_DITHER_MASK_FOR_ALPHABLENDED_SHADOWS UNITY_PBS_USE_BRDF1 UNITY_SPECCUBE_BOX_PROJECTION UNITY_SPECCUBE_BLENDING UNITY_ENABLE_DETAIL_NORMALMAP SHADER_API_DESKTOP UNITY_COLORSPACE_GAMMA UNITY_LIGHT_PROBE_PROXY_VOLUME UNITY_LIGHTMAP_FULL_HDR ok=1
Cmd: compileSnippet
  api=4 type=1 insize=1460 outsize=2650 kw=UNITY_PASS_FORWARDADD DIRECTIONAL _NORMALMAP _SPECULARHIGHLIGHTS_OFF pd=UNITY_ENABLE_REFLECTION_BUFFERS UNITY_USE_DITHER_MASK_FOR_ALPHABLENDED_SHADOWS UNITY_PBS_USE_BRDF1 UNITY_SPECCUBE_BOX_PROJECTION UNITY_SPECCUBE_BLENDING UNITY_ENABLE_DETAIL_NORMALMAP SHADER_API_DESKTOP UNITY_COLORSPACE_GAMMA UNITY_LIGHT_PROBE_PROXY_VOLUME UNITY_LIGHTMAP_FULL_HDR ok=1
Cmd: compileSnippet
  api=4 type=0 insize=1298 outsize=1534 kw=UNITY_PASS_SHADOWCASTER SHADOWS_DEPTH _ALPHAPREMULTIPLY_ON pd=UNITY_ENABLE_REFLECTION_BUFFERS UNITY_USE_DITHER_MASK_FOR_ALPHABLENDED_SHADOWS UNITY_PBS_USE_BRDF1 UNITY_SPECCUBE_BOX_PROJECTION UNITY_SPECCUBE_BLENDING UNITY_ENABLE_DETAIL_NORMALMAP SHADER_API_DESKTOP UNITY_COLORSPACE_GAMMA UNITY_LIGHT_PROBE_PROXY_VOLUME UNITY_LIGHTMAP_FULL_HDR ok=1
Cmd: compileSnippet
  api=4 type=1 insize=1298 outsize=770 kw=UNITY_PASS_SHADOWCASTER SHADOWS_DEPTH _ALPHAPREMULTIPLY_ON pd=UNITY_ENABLE_REFLECTION_BUFFERS UNITY_USE_DITHER_MASK_FOR_ALPHABLENDED_SHADOWS UNITY_PBS_USE_BRDF1 UNITY_SPECCUBE_BOX_PROJECTION UNITY_SPECCUBE_BLENDING UNITY_ENABLE_DETAIL_NORMALMAP SHADER_API_DESKTOP UNITY_COLORSPACE_GAMMA UNITY_LIGHT_PROBE_PROXY_VOLUME UNITY_LIGHTMAP_FULL_HDR ok=1
Cmd: compileSnippet
  api=4 type=0 insize=1598 outsize=1894 kw=UNITY_PASS_FORWARDBASE DIRECTIONAL LIGHTPROBE_SH _ALPHAPREMULTIPLY_ON pd=UNITY_ENABLE_REFLECTION_BUFFERS UNITY_USE_DITHER_MASK_FOR_ALPHABLENDED_SHADOWS UNITY_PBS_USE_BRDF1 UNITY_SPECCUBE_BOX_PROJECTION UNITY_SPECCUBE_BLENDING UNITY_ENABLE_DETAIL_NORMALMAP SHADER_API_DESKTOP UNITY_COLORSPACE_GAMMA UNITY_LIGHT_PROBE_PROXY_VOLUME UNITY_LIGHTMAP_FULL_HDR ok=1
Cmd: compileSnippet
  api=4 type=1 insize=1598 outsize=6834 kw=UNITY_PASS_FORWARDBASE DIRECTIONAL LIGHTPROBE_SH _ALPHAPREMULTIPLY_ON pd=UNITY_ENABLE_REFLECTION_BUFFERS UNITY_USE_DITHER_MASK_FOR_ALPHABLENDED_SHADOWS UNITY_PBS_USE_BRDF1 UNITY_SPECCUBE_BOX_PROJECTION UNITY_SPECCUBE_BLENDING UNITY_ENABLE_DETAIL_NORMALMAP SHADER_API_DESKTOP UNITY_COLORSPACE_GAMMA UNITY_LIGHT_PROBE_PROXY_VOLUME UNITY_LIGHTMAP_FULL_HDR ok=1
Cmd: compileSnippet
  api=4 type=0 insize=1455 outsize=1690 kw=UNITY_PASS_FORWARDADD DIRECTIONAL _ALPHAPREMULTIPLY_ON pd=UNITY_ENABLE_REFLECTION_BUFFERS UNITY_USE_DITHER_MASK_FOR_ALPHABLENDED_SHADOWS UNITY_PBS_USE_BRDF1 UNITY_SPECCUBE_BOX_PROJECTION UNITY_SPECCUBE_BLENDING UNITY_ENABLE_DETAIL_NORMALMAP SHADER_API_DESKTOP UNITY_COLORSPACE_GAMMA UNITY_LIGHT_PROBE_PROXY_VOLUME UNITY_LIGHTMAP_FULL_HDR ok=1
Cmd: compileSnippet
  api=4 type=1 insize=1455 outsize=3422 kw=UNITY_PASS_FORWARDADD DIRECTIONAL _ALPHAPREMULTIPLY_ON pd=UNITY_ENABLE_REFLECTION_BUFFERS UNITY_USE_DITHER_MASK_FOR_ALPHABLENDED_SHADOWS UNITY_PBS_USE_BRDF1 UNITY_SPECCUBE_BOX_PROJECTION UNITY_SPECCUBE_BLENDING UNITY_ENABLE_DETAIL_NORMALMAP SHADER_API_DESKTOP UNITY_COLORSPACE_GAMMA UNITY_LIGHT_PROBE_PROXY_VOLUME UNITY_LIGHTMAP_FULL_HDR ok=1
