Base path: 'C:/Program Files/Unity/Hub/Editor/2019.4.11f1/Editor/Data', plugins path 'C:/Program Files/Unity/Hub/Editor/2019.4.11f1/Editor/Data/PlaybackEngines'
Cmd: initializeCompiler
Cmd: initializeCompiler
Cmd: compileComputeKernel
  api=4 insize=12919 outsize=1099 ok=1
Cmd: compileComputeKernel
  api=4 insize=12919 outsize=1840 ok=1
Cmd: compileComputeKernel
  api=4 insize=12919 outsize=2479 ok=1
Cmd: compileComputeKernel
  api=4 insize=12807 outsize=1465 ok=1
Cmd: compileComputeKernel
  api=4 insize=12807 outsize=1497 ok=1
Cmd: compileComputeKernel
  api=4 insize=12807 outsize=1528 ok=1
Cmd: compileComputeKernel
  api=4 insize=17013 outsize=3147 ok=1
Cmd: compileComputeKernel
  api=4 insize=17013 outsize=5445 ok=1
Cmd: compileComputeKernel
  api=4 insize=79953 outsize=2795 ok=1
Cmd: compileComputeKernel
  api=4 insize=79953 outsize=1579 ok=1
Cmd: compileComputeKernel
  api=4 insize=79953 outsize=1634 ok=1
Cmd: compileComputeKernel
  api=4 insize=79953 outsize=1489 ok=1
Cmd: compileComputeKernel
  api=4 insize=79953 outsize=1461 ok=1
Cmd: compileComputeKernel
  api=4 insize=79953 outsize=2077 ok=1
Cmd: compileComputeKernel
  api=4 insize=79953 outsize=1335 ok=1
Cmd: compileComputeKernel
  api=4 insize=79953 outsize=1597 ok=1
Cmd: compileComputeKernel
  api=4 insize=79953 outsize=3271 ok=1
Cmd: compileComputeKernel
  api=4 insize=79953 outsize=1285 ok=1
Cmd: compileComputeKernel
  api=4 insize=79953 outsize=1631 ok=1
Cmd: compileComputeKernel
  api=4 insize=79953 outsize=1465 ok=1
Cmd: compileComputeKernel
  api=4 insize=79953 outsize=1547 ok=1
Cmd: compileComputeKernel
  api=4 insize=79953 outsize=1777 ok=1
Cmd: compileComputeKernel
  api=4 insize=79953 outsize=1397 ok=1
Cmd: compileComputeKernel
  api=4 insize=79953 outsize=1380 ok=1
Cmd: compileComputeKernel
  api=4 insize=79953 outsize=1387 ok=1
Cmd: compileComputeKernel
  api=4 insize=79953 outsize=1819 ok=1
Cmd: compileComputeKernel
  api=4 insize=79953 outsize=1819 ok=1
Cmd: compileComputeKernel
  api=4 insize=79953 outsize=1974 ok=1
Cmd: compileComputeKernel
  api=4 insize=79953 outsize=1853 ok=1
Cmd: compileComputeKernel
  api=4 insize=79953 outsize=1998 ok=1
Cmd: compileComputeKernel
  api=4 insize=79953 outsize=1514 ok=1
Cmd: compileComputeKernel
  api=4 insize=79953 outsize=1341 ok=1
Cmd: compileComputeKernel
  api=4 insize=79953 outsize=1590 ok=1
Cmd: compileComputeKernel
  api=4 insize=79953 outsize=1427 ok=1
Cmd: compileComputeKernel
  api=4 insize=79953 outsize=2302 ok=1
Cmd: compileComputeKernel
  api=4 insize=4231 outsize=2026 ok=1
Cmd: compileComputeKernel
  api=4 insize=73293 outsize=12700 ok=1
Cmd: compileComputeKernel
  api=4 insize=57129 outsize=622 ok=1
Cmd: compileComputeKernel
  api=4 insize=57129 outsize=682 ok=1
Cmd: compileComputeKernel
  api=4 insize=57129 outsize=1032 ok=1
Cmd: compileComputeKernel
  api=4 insize=57129 outsize=753 ok=1
Cmd: compileComputeKernel
  api=4 insize=57129 outsize=805 ok=1
Cmd: compileComputeKernel
  api=4 insize=57129 outsize=674 ok=1
Cmd: compileComputeKernel
  api=4 insize=57129 outsize=716 ok=1
Cmd: compileComputeKernel
  api=4 insize=57129 outsize=882 ok=1
Cmd: compileComputeKernel
  api=4 insize=57129 outsize=1710 ok=1
Cmd: compileComputeKernel
  api=4 insize=57129 outsize=782 ok=1
Cmd: compileComputeKernel
  api=4 insize=57129 outsize=881 ok=1
Cmd: compileComputeKernel
  api=4 insize=57129 outsize=1292 ok=1
Cmd: compileComputeKernel
  api=4 insize=57129 outsize=1137 ok=1
Cmd: compileComputeKernel
  api=4 insize=57129 outsize=1520 ok=1
Cmd: compileComputeKernel
  api=4 insize=57129 outsize=1465 ok=1
Cmd: compileComputeKernel
  api=4 insize=57129 outsize=1311 ok=1
Cmd: compileComputeKernel
  api=4 insize=57129 outsize=1284 ok=1
Cmd: compileComputeKernel
  api=4 insize=57129 outsize=1631 ok=1
Cmd: compileComputeKernel
  api=4 insize=57129 outsize=1324 ok=1
Cmd: compileComputeKernel
  api=4 insize=57129 outsize=1334 ok=1
Cmd: compileComputeKernel
  api=4 insize=57129 outsize=1374 ok=1
Cmd: compileComputeKernel
  api=4 insize=57129 outsize=1401 ok=1
Cmd: compileComputeKernel
  api=4 insize=57129 outsize=1380 ok=1
Cmd: compileComputeKernel
  api=4 insize=57129 outsize=1384 ok=1
Cmd: compileComputeKernel
  api=4 insize=95078 outsize=2787 ok=1
Cmd: compileComputeKernel
  api=4 insize=95078 outsize=10704 ok=1
Cmd: compileComputeKernel
  api=4 insize=95078 outsize=35766 ok=1
Cmd: compileComputeKernel
  api=4 insize=95078 outsize=3725 ok=1
Cmd: compileComputeKernel
  api=4 insize=4442 outsize=1750 ok=1
Cmd: initializeCompiler
Cmd: initializeCompiler
Cmd: compileSnippet
  api=4 type=0 insize=1379 outsize=2002 kw=UNITY_PASS_FORWARDBASE DIRECTIONAL SHADOWS_SCREEN LIGHTPROBE_SH _SPECULARHIGHLIGHTS_OFF _GLOSSYREFLECTIONS_OFF pd=UNITY_ENABLE_REFLECTION_BUFFERS UNITY_USE_DITHER_MASK_FOR_ALPHABLENDED_SHADOWS UNITY_PBS_USE_BRDF1 UNITY_SPECCUBE_BOX_PROJECTION UNITY_SPECCUBE_BLENDING UNITY_ENABLE_DETAIL_NORMALMAP SHADER_API_DESKTOP UNITY_COLORSPACE_GAMMA UNITY_LIGHT_PROBE_PROXY_VOLUME UNITY_LIGHTMAP_FULL_HDR ok=1
Cmd: compileSnippet
  api=4 type=0 insize=1602 outsize=1638 kw=UNITY_PASS_FORWARDBASE DIRECTIONAL pd=UNITY_ENABLE_REFLECTION_BUFFERS UNITY_USE_DITHER_MASK_FOR_ALPHABLENDED_SHADOWS UNITY_PBS_USE_BRDF1 UNITY_SPECCUBE_BOX_PROJECTION UNITY_SPECCUBE_BLENDING UNITY_ENABLE_DETAIL_NORMALMAP SHADER_API_DESKTOP UNITY_COLORSPACE_GAMMA UNITY_LIGHT_PROBE_PROXY_VOLUME UNITY_LIGHTMAP_FULL_HDR ok=1
