Base path: 'C:/Program Files/Unity/Hub/Editor/2019.4.11f1/Editor/Data', plugins path 'C:/Program Files/Unity/Hub/Editor/2019.4.11f1/Editor/Data/PlaybackEngines'
Cmd: initializeCompiler
Cmd: initializeCompiler
Cmd: compileComputeKernel
  api=4 insize=12919 outsize=1558 ok=1
Cmd: compileComputeKernel
  api=4 insize=12919 outsize=1579 ok=1
Cmd: compileComputeKernel
  api=4 insize=12919 outsize=1364 ok=1
Cmd: compileComputeKernel
  api=4 insize=12919 outsize=1916 ok=1
Cmd: compileComputeKernel
  api=4 insize=12807 outsize=1465 ok=1
Cmd: compileComputeKernel
  api=4 insize=12807 outsize=1905 ok=1
Cmd: compileComputeKernel
  api=4 insize=12807 outsize=1494 ok=1
Cmd: compileComputeKernel
  api=4 insize=12807 outsize=1528 ok=1
Cmd: compileComputeKernel
  api=4 insize=17013 outsize=3147 ok=1
Cmd: compileComputeKernel
  api=4 insize=79953 outsize=2795 ok=1
Cmd: compileComputeKernel
  api=4 insize=79953 outsize=2631 ok=1
Cmd: compileComputeKernel
  api=4 insize=79953 outsize=1489 ok=1
Cmd: compileComputeKernel
  api=4 insize=79953 outsize=1489 ok=1
Cmd: compileComputeKernel
  api=4 insize=79953 outsize=2041 ok=1
Cmd: compileComputeKernel
  api=4 insize=79953 outsize=1407 ok=1
Cmd: compileComputeKernel
  api=4 insize=79953 outsize=1667 ok=1
Cmd: compileComputeKernel
  api=4 insize=79953 outsize=1324 ok=1
Cmd: compileComputeKernel
  api=4 insize=79953 outsize=1284 ok=1
Cmd: compileComputeKernel
  api=4 insize=79953 outsize=1369 ok=1
Cmd: compileComputeKernel
  api=4 insize=79953 outsize=1383 ok=1
Cmd: compileComputeKernel
  api=4 insize=79953 outsize=1861 ok=1
Cmd: compileComputeKernel
  api=4 insize=79953 outsize=1311 ok=1
Cmd: compileComputeKernel
  api=4 insize=79953 outsize=1397 ok=1
Cmd: compileComputeKernel
  api=4 insize=79953 outsize=1828 ok=1
Cmd: compileComputeKernel
  api=4 insize=79953 outsize=1384 ok=1
Cmd: compileComputeKernel
  api=4 insize=79953 outsize=1344 ok=1
Cmd: compileComputeKernel
  api=4 insize=79953 outsize=1819 ok=1
Cmd: compileComputeKernel
  api=4 insize=79953 outsize=1819 ok=1
Cmd: compileComputeKernel
  api=4 insize=79953 outsize=1848 ok=1
Cmd: compileComputeKernel
  api=4 insize=79953 outsize=1997 ok=1
Cmd: compileComputeKernel
  api=4 insize=79953 outsize=2296 ok=1
Cmd: compileComputeKernel
  api=4 insize=79953 outsize=1341 ok=1
Cmd: compileComputeKernel
  api=4 insize=79953 outsize=1680 ok=1
Cmd: compileComputeKernel
  api=4 insize=79953 outsize=923 ok=1
Cmd: compileComputeKernel
  api=4 insize=79953 outsize=1382 ok=1
Cmd: compileComputeKernel
  api=4 insize=4231 outsize=3368 ok=1
Cmd: compileComputeKernel
  api=4 insize=73293 outsize=7768 ok=1
Cmd: compileComputeKernel
  api=4 insize=57129 outsize=677 ok=1
Cmd: compileComputeKernel
  api=4 insize=57129 outsize=769 ok=1
Cmd: compileComputeKernel
  api=4 insize=57129 outsize=638 ok=1
Cmd: compileComputeKernel
  api=4 insize=57129 outsize=910 ok=1
Cmd: compileComputeKernel
  api=4 insize=57129 outsize=677 ok=1
Cmd: compileComputeKernel
  api=4 insize=57129 outsize=769 ok=1
Cmd: compileComputeKernel
  api=4 insize=57129 outsize=837 ok=1
Cmd: compileComputeKernel
  api=4 insize=57129 outsize=1113 ok=1
Cmd: compileComputeKernel
  api=4 insize=57129 outsize=877 ok=1
Cmd: compileComputeKernel
  api=4 insize=57129 outsize=709 ok=1
Cmd: compileComputeKernel
  api=4 insize=57129 outsize=1229 ok=1
Cmd: compileComputeKernel
  api=4 insize=57129 outsize=1547 ok=1
Cmd: compileComputeKernel
  api=4 insize=57129 outsize=1306 ok=1
Cmd: compileComputeKernel
  api=4 insize=57129 outsize=1402 ok=1
Cmd: compileComputeKernel
  api=4 insize=57129 outsize=1248 ok=1
Cmd: compileComputeKernel
  api=4 insize=57129 outsize=1221 ok=1
Cmd: compileComputeKernel
  api=4 insize=57129 outsize=1618 ok=1
Cmd: compileComputeKernel
  api=4 insize=57129 outsize=1573 ok=1
Cmd: compileComputeKernel
  api=4 insize=57129 outsize=1565 ok=1
Cmd: compileComputeKernel
  api=4 insize=57129 outsize=1765 ok=1
Cmd: compileComputeKernel
  api=4 insize=57129 outsize=1264 ok=1
Cmd: compileComputeKernel
  api=4 insize=57129 outsize=1264 ok=1
Cmd: compileComputeKernel
  api=4 insize=57129 outsize=1319 ok=1
Cmd: compileComputeKernel
  api=4 insize=95078 outsize=14580 ok=1
Cmd: compileComputeKernel
  api=4 insize=95078 outsize=35257 ok=1
Cmd: compileComputeKernel
  api=4 insize=95078 outsize=4420 ok=1
Cmd: compileComputeKernel
  api=4 insize=95078 outsize=4420 ok=1
Cmd: compileComputeKernel
  api=4 insize=95078 outsize=3084 ok=1
Cmd: compileComputeKernel
  api=4 insize=95078 outsize=3084 ok=1
Cmd: compileComputeKernel
  api=4 insize=95078 outsize=3725 ok=1
Cmd: compileComputeKernel
  api=4 insize=4442 outsize=1449 ok=1
Cmd: initializeCompiler
Cmd: initializeCompiler
Cmd: compileSnippet
  api=4 type=1 insize=1379 outsize=4602 kw=UNITY_PASS_FORWARDBASE DIRECTIONAL SHADOWS_SCREEN LIGHTPROBE_SH _SPECULARHIGHLIGHTS_OFF _GLOSSYREFLECTIONS_OFF pd=UNITY_ENABLE_REFLECTION_BUFFERS UNITY_USE_DITHER_MASK_FOR_ALPHABLENDED_SHADOWS UNITY_PBS_USE_BRDF1 UNITY_SPECCUBE_BOX_PROJECTION UNITY_SPECCUBE_BLENDING UNITY_ENABLE_DETAIL_NORMALMAP SHADER_API_DESKTOP UNITY_COLORSPACE_GAMMA UNITY_LIGHT_PROBE_PROXY_VOLUME UNITY_LIGHTMAP_FULL_HDR ok=1
Cmd: compileSnippet
  api=4 type=0 insize=1602 outsize=2002 kw=UNITY_PASS_FORWARDBASE DIRECTIONAL SHADOWS_SCREEN LIGHTPROBE_SH _SPECULARHIGHLIGHTS_OFF _GLOSSYREFLECTIONS_OFF pd=UNITY_ENABLE_REFLECTION_BUFFERS UNITY_USE_DITHER_MASK_FOR_ALPHABLENDED_SHADOWS UNITY_PBS_USE_BRDF1 UNITY_SPECCUBE_BOX_PROJECTION UNITY_SPECCUBE_BLENDING UNITY_ENABLE_DETAIL_NORMALMAP SHADER_API_DESKTOP UNITY_COLORSPACE_GAMMA UNITY_LIGHT_PROBE_PROXY_VOLUME UNITY_LIGHTMAP_FULL_HDR ok=1
