Base path: 'C:/Program Files/Unity/Hub/Editor/2019.4.11f1/Editor/Data', plugins path 'C:/Program Files/Unity/Hub/Editor/2019.4.11f1/Editor/Data/PlaybackEngines'
Cmd: initializeCompiler
Cmd: initializeCompiler
Cmd: compileComputeKernel
  api=4 insize=12919 outsize=1126 ok=1
Cmd: compileComputeKernel
  api=4 insize=12919 outsize=1971 ok=1
Cmd: compileComputeKernel
  api=4 insize=12919 outsize=1585 ok=1
Cmd: compileComputeKernel
  api=4 insize=12807 outsize=1465 ok=1
Cmd: compileComputeKernel
  api=4 insize=12807 outsize=1465 ok=1
Cmd: compileComputeKernel
  api=4 insize=12807 outsize=1502 ok=1
Cmd: compileComputeKernel
  api=4 insize=12807 outsize=1495 ok=1
Cmd: compileComputeKernel
  api=4 insize=12807 outsize=1765 ok=1
Cmd: compileComputeKernel
  api=4 insize=17013 outsize=2233 ok=1
Cmd: compileComputeKernel
  api=4 insize=17013 outsize=3159 ok=1
Cmd: compileComputeKernel
  api=4 insize=79953 outsize=2922 ok=1
Cmd: compileComputeKernel
  api=4 insize=79953 outsize=1579 ok=1
Cmd: compileComputeKernel
  api=4 insize=79953 outsize=1634 ok=1
Cmd: compileComputeKernel
  api=4 insize=79953 outsize=1489 ok=1
Cmd: compileComputeKernel
  api=4 insize=79953 outsize=1689 ok=1
Cmd: compileComputeKernel
  api=4 insize=79953 outsize=2029 ok=1
Cmd: compileComputeKernel
  api=4 insize=79953 outsize=1495 ok=1
Cmd: compileComputeKernel
  api=4 insize=79953 outsize=3335 ok=1
Cmd: compileComputeKernel
  api=4 insize=79953 outsize=1287 ok=1
Cmd: compileComputeKernel
  api=4 insize=79953 outsize=1310 ok=1
Cmd: compileComputeKernel
  api=4 insize=79953 outsize=1682 ok=1
Cmd: compileComputeKernel
  api=4 insize=79953 outsize=1359 ok=1
Cmd: compileComputeKernel
  api=4 insize=79953 outsize=1311 ok=1
Cmd: compileComputeKernel
  api=4 insize=79953 outsize=1596 ok=1
Cmd: compileComputeKernel
  api=4 insize=79953 outsize=1397 ok=1
Cmd: compileComputeKernel
  api=4 insize=79953 outsize=1287 ok=1
Cmd: compileComputeKernel
  api=4 insize=79953 outsize=1364 ok=1
Cmd: compileComputeKernel
  api=4 insize=79953 outsize=1823 ok=1
Cmd: compileComputeKernel
  api=4 insize=79953 outsize=2259 ok=1
Cmd: compileComputeKernel
  api=4 insize=79953 outsize=1851 ok=1
Cmd: compileComputeKernel
  api=4 insize=79953 outsize=1853 ok=1
Cmd: compileComputeKernel
  api=4 insize=79953 outsize=1998 ok=1
Cmd: compileComputeKernel
  api=4 insize=79953 outsize=1341 ok=1
Cmd: compileComputeKernel
  api=4 insize=79953 outsize=1590 ok=1
Cmd: compileComputeKernel
  api=4 insize=79953 outsize=1750 ok=1
Cmd: compileComputeKernel
  api=4 insize=79953 outsize=1927 ok=1
Cmd: compileComputeKernel
  api=4 insize=4231 outsize=3004 ok=1
Cmd: compileComputeKernel
  api=4 insize=73293 outsize=7888 ok=1
Cmd: compileComputeKernel
  api=4 insize=57129 outsize=629 ok=1
Cmd: compileComputeKernel
  api=4 insize=57129 outsize=623 ok=1
Cmd: compileComputeKernel
  api=4 insize=57129 outsize=711 ok=1
Cmd: compileComputeKernel
  api=4 insize=57129 outsize=791 ok=1
Cmd: compileComputeKernel
  api=4 insize=57129 outsize=1023 ok=1
Cmd: compileComputeKernel
  api=4 insize=57129 outsize=701 ok=1
Cmd: compileComputeKernel
  api=4 insize=57129 outsize=831 ok=1
Cmd: compileComputeKernel
  api=4 insize=57129 outsize=1246 ok=1
Cmd: compileComputeKernel
  api=4 insize=57129 outsize=787 ok=1
Cmd: compileComputeKernel
  api=4 insize=57129 outsize=855 ok=1
Cmd: compileComputeKernel
  api=4 insize=57129 outsize=677 ok=1
Cmd: compileComputeKernel
  api=4 insize=57129 outsize=804 ok=1
Cmd: compileComputeKernel
  api=4 insize=57129 outsize=1321 ok=1
Cmd: compileComputeKernel
  api=4 insize=57129 outsize=1547 ok=1
Cmd: compileComputeKernel
  api=4 insize=57129 outsize=1497 ok=1
Cmd: compileComputeKernel
  api=4 insize=57129 outsize=1363 ok=1
Cmd: compileComputeKernel
  api=4 insize=57129 outsize=1359 ok=1
Cmd: compileComputeKernel
  api=4 insize=57129 outsize=1311 ok=1
Cmd: compileComputeKernel
  api=4 insize=57129 outsize=1369 ok=1
Cmd: compileComputeKernel
  api=4 insize=57129 outsize=1596 ok=1
Cmd: compileComputeKernel
  api=4 insize=57129 outsize=1628 ok=1
Cmd: compileComputeKernel
  api=4 insize=57129 outsize=1828 ok=1
Cmd: compileComputeKernel
  api=4 insize=57129 outsize=1287 ok=1
Cmd: compileComputeKernel
  api=4 insize=57129 outsize=1224 ok=1
Cmd: compileComputeKernel
  api=4 insize=57129 outsize=1256 ok=1
Cmd: compileComputeKernel
  api=4 insize=95078 outsize=2787 ok=1
Cmd: compileComputeKernel
  api=4 insize=95078 outsize=9841 ok=1
Cmd: compileComputeKernel
  api=4 insize=95078 outsize=24465 ok=1
Cmd: compileComputeKernel
  api=4 insize=95078 outsize=1572 ok=1
Cmd: compileComputeKernel
  api=4 insize=95078 outsize=1905 ok=1
Cmd: compileComputeKernel
  api=4 insize=95078 outsize=15720 ok=1
Cmd: compileComputeKernel
  api=4 insize=4442 outsize=1750 ok=1
Cmd: initializeCompiler
Cmd: initializeCompiler
Cmd: compileSnippet
  api=4 type=1 insize=1602 outsize=4574 kw=UNITY_PASS_FORWARDBASE DIRECTIONAL SHADOWS_SCREEN LIGHTPROBE_SH _SPECULARHIGHLIGHTS_OFF _GLOSSYREFLECTIONS_OFF pd=UNITY_ENABLE_REFLECTION_BUFFERS UNITY_USE_DITHER_MASK_FOR_ALPHABLENDED_SHADOWS UNITY_PBS_USE_BRDF1 UNITY_SPECCUBE_BOX_PROJECTION UNITY_SPECCUBE_BLENDING UNITY_ENABLE_DETAIL_NORMALMAP SHADER_API_DESKTOP UNITY_COLORSPACE_GAMMA UNITY_LIGHT_PROBE_PROXY_VOLUME UNITY_LIGHTMAP_FULL_HDR ok=1
