Base path: 'C:/Program Files/Unity/Hub/Editor/2019.4.11f1/Editor/Data', plugins path 'C:/Program Files/Unity/Hub/Editor/2019.4.11f1/Editor/Data/PlaybackEngines'
Cmd: initializeCompiler
Cmd: initializeCompiler
Cmd: compileComputeKernel
  api=4 insize=12919 outsize=1027 ok=1
Cmd: compileComputeKernel
  api=4 insize=12919 outsize=1848 ok=1
Cmd: compileComputeKernel
  api=4 insize=12919 outsize=2631 ok=1
Cmd: compileComputeKernel
  api=4 insize=12807 outsize=1465 ok=1
Cmd: compileComputeKernel
  api=4 insize=12807 outsize=1502 ok=1
Cmd: compileComputeKernel
  api=4 insize=12807 outsize=1611 ok=1
Cmd: compileComputeKernel
  api=4 insize=17013 outsize=3291 ok=1
Cmd: compileComputeKernel
  api=4 insize=17013 outsize=5893 ok=1
Cmd: compileComputeKernel
  api=4 insize=79953 outsize=1686 ok=1
Cmd: compileComputeKernel
  api=4 insize=79953 outsize=3099 ok=1
Cmd: compileComputeKernel
  api=4 insize=79953 outsize=2634 ok=1
Cmd: compileComputeKernel
  api=4 insize=79953 outsize=1461 ok=1
Cmd: compileComputeKernel
  api=4 insize=79953 outsize=2029 ok=1
Cmd: compileComputeKernel
  api=4 insize=79953 outsize=1431 ok=1
Cmd: compileComputeKernel
  api=4 insize=79953 outsize=1597 ok=1
Cmd: compileComputeKernel
  api=4 insize=79953 outsize=1610 ok=1
Cmd: compileComputeKernel
  api=4 insize=79953 outsize=1287 ok=1
Cmd: compileComputeKernel
  api=4 insize=79953 outsize=1310 ok=1
Cmd: compileComputeKernel
  api=4 insize=79953 outsize=1520 ok=1
Cmd: compileComputeKernel
  api=4 insize=79953 outsize=1465 ok=1
Cmd: compileComputeKernel
  api=4 insize=79953 outsize=1311 ok=1
Cmd: compileComputeKernel
  api=4 insize=79953 outsize=1777 ok=1
Cmd: compileComputeKernel
  api=4 insize=79953 outsize=1628 ok=1
Cmd: compileComputeKernel
  api=4 insize=79953 outsize=1380 ok=1
Cmd: compileComputeKernel
  api=4 insize=79953 outsize=1319 ok=1
Cmd: compileComputeKernel
  api=4 insize=79953 outsize=4419 ok=1
Cmd: compileComputeKernel
  api=4 insize=79953 outsize=1974 ok=1
Cmd: compileComputeKernel
  api=4 insize=79953 outsize=1848 ok=1
Cmd: compileComputeKernel
  api=4 insize=79953 outsize=1998 ok=1
Cmd: compileComputeKernel
  api=4 insize=79953 outsize=1466 ok=1
Cmd: compileComputeKernel
  api=4 insize=79953 outsize=1346 ok=1
Cmd: compileComputeKernel
  api=4 insize=79953 outsize=1680 ok=1
Cmd: compileComputeKernel
  api=4 insize=79953 outsize=2421 ok=1
Cmd: compileComputeKernel
  api=4 insize=79953 outsize=2483 ok=1
Cmd: compileComputeKernel
  api=4 insize=73293 outsize=5741 ok=1
Cmd: compileComputeKernel
  api=4 insize=57129 outsize=772 ok=1
Cmd: compileComputeKernel
  api=4 insize=57129 outsize=680 ok=1
Cmd: compileComputeKernel
  api=4 insize=57129 outsize=937 ok=1
Cmd: compileComputeKernel
  api=4 insize=57129 outsize=854 ok=1
Cmd: compileComputeKernel
  api=4 insize=57129 outsize=950 ok=1
Cmd: compileComputeKernel
  api=4 insize=57129 outsize=677 ok=1
Cmd: compileComputeKernel
  api=4 insize=57129 outsize=811 ok=1
Cmd: compileComputeKernel
  api=4 insize=57129 outsize=787 ok=1
Cmd: compileComputeKernel
  api=4 insize=57129 outsize=847 ok=1
Cmd: compileComputeKernel
  api=4 insize=57129 outsize=677 ok=1
Cmd: compileComputeKernel
  api=4 insize=57129 outsize=846 ok=1
Cmd: compileComputeKernel
  api=4 insize=57129 outsize=1292 ok=1
Cmd: compileComputeKernel
  api=4 insize=57129 outsize=1861 ok=1
Cmd: compileComputeKernel
  api=4 insize=57129 outsize=1369 ok=1
Cmd: compileComputeKernel
  api=4 insize=57129 outsize=1300 ok=1
Cmd: compileComputeKernel
  api=4 insize=57129 outsize=1296 ok=1
Cmd: compileComputeKernel
  api=4 insize=57129 outsize=1288 ok=1
Cmd: compileComputeKernel
  api=4 insize=57129 outsize=1346 ok=1
Cmd: compileComputeKernel
  api=4 insize=57129 outsize=1364 ok=1
Cmd: compileComputeKernel
  api=4 insize=57129 outsize=1397 ok=1
Cmd: compileComputeKernel
  api=4 insize=57129 outsize=1397 ok=1
Cmd: compileComputeKernel
  api=4 insize=57129 outsize=1338 ok=1
Cmd: compileComputeKernel
  api=4 insize=57129 outsize=1317 ok=1
Cmd: compileComputeKernel
  api=4 insize=57129 outsize=1321 ok=1
Cmd: compileComputeKernel
  api=4 insize=95078 outsize=14204 ok=1
Cmd: compileComputeKernel
  api=4 insize=95078 outsize=25006 ok=1
Cmd: compileComputeKernel
  api=4 insize=4442 outsize=1590 ok=1
Cmd: initializeCompiler
Cmd: initializeCompiler
Cmd: compileSnippet
  api=4 type=1 insize=1602 outsize=4662 kw=UNITY_PASS_FORWARDBASE DIRECTIONAL SHADOWS_SCREEN LIGHTPROBE_SH _ALPHATEST_ON _SPECULARHIGHLIGHTS_OFF _GLOSSYREFLECTIONS_OFF pd=UNITY_ENABLE_REFLECTION_BUFFERS UNITY_USE_DITHER_MASK_FOR_ALPHABLENDED_SHADOWS UNITY_PBS_USE_BRDF1 UNITY_SPECCUBE_BOX_PROJECTION UNITY_SPECCUBE_BLENDING UNITY_ENABLE_DETAIL_NORMALMAP SHADER_API_DESKTOP UNITY_COLORSPACE_GAMMA UNITY_LIGHT_PROBE_PROXY_VOLUME UNITY_LIGHTMAP_FULL_HDR ok=1
Cmd: compileSnippet
  api=4 type=1 insize=24152 outsize=6174 kw=UNITY_PASS_FORWARDBASE DIRECTIONAL SHADOWS_SCREEN LIGHTPROBE_SH pd=UNITY_ENABLE_REFLECTION_BUFFERS UNITY_USE_DITHER_MASK_FOR_ALPHABLENDED_SHADOWS UNITY_PBS_USE_BRDF1 UNITY_SPECCUBE_BOX_PROJECTION UNITY_SPECCUBE_BLENDING UNITY_ENABLE_DETAIL_NORMALMAP SHADER_API_DESKTOP UNITY_COLORSPACE_GAMMA UNITY_LIGHT_PROBE_PROXY_VOLUME UNITY_LIGHTMAP_FULL_HDR ok=1
